<?xml version="1.0" encoding="UTF-8" ?>
<testsuite errors="1" failures="0" hostname="yes4me" name="com.thomas.utils.TestNGTest" skipped="0" tests="1" time="0.496" timestamp="2015-09-21T15:55:47">
  <properties>
[...]
</properties>
  <testcase classname="com.thomas.utils.TestNGTest" name="initializationError" time="0.024">
    <error message="No runnable methods" type="java.lang.Exception">java.lang.Exception: No runnable methods
	at java.lang.reflect.Constructor.newInstance(Constructor.java:422)
</error>
  </testcase>
  <system-out><![CDATA[]]></system-out>
  <system-err><![CDATA[]]></system-err>
</testsuite>
